<?xml version="1.0" encoding="UTF-8"?>
<!-- Generated by org.testng.reporters.JUnitXMLReporter -->
<testsuite ignored="0" hostname="ATIQUE-CA" failures="1" tests="8" name="Test" time="205.754" errors="0" timestamp="2020-12-27T14:11:34 EST">
  <testcase classname="testcases.SearchOptionValidation" name="loginValidation" time="3.626">
    <failure type="org.openqa.selenium.ElementClickInterceptedException" message="element click intercepted: Element &amp;lt;svg id=&amp;quot;menuUser&amp;quot; version=&amp;quot;1.1&amp;quot; xmlns=&amp;quot;http://www.w3.org/2000/svg&amp;quot; xmlns:xlink=&amp;quot;http://www.w3.org/1999/xlink&amp;quot; x=&amp;quot;0px&amp;quot; y=&amp;quot;0px&amp;quot; width=&amp;quot;24px&amp;quot; height=&amp;quot;24px&amp;quot; viewBox=&amp;quot;0 0 24 24&amp;quot; enable-background=&amp;quot;new 0 0 24 24&amp;quot; xml:space=&amp;quot;preserve&amp;quot;&amp;gt;...&amp;lt;/svg&amp;gt; is not clickable at point (1392, 32). Other element would receive the click: &amp;lt;a id=&amp;quot;menuUserLink&amp;quot; aria-label=&amp;quot;UserMenu&amp;quot; href=&amp;quot;javascript:void(0)&amp;quot; role=&amp;quot;link&amp;quot; class=&amp;quot;img&amp;quot; data-ng-click=&amp;quot;login(&amp;apos;loginMiniTitle&amp;apos;)&amp;quot; data-ng-mouseenter=&amp;quot;miniTitleIn(&amp;apos;loginMiniTitle&amp;apos;)&amp;quot; data-ng-mouseleave=&amp;quot;miniTitleOut(&amp;apos;loginMiniTitle&amp;apos;)&amp;quot;&amp;gt;...&amp;lt;/a&amp;gt;
  (Session info: chrome=87.0.4280.88)
Build info: version: &amp;apos;3.141.59&amp;apos;, revision: &amp;apos;e82be7d358&amp;apos;, time: &amp;apos;2018-11-14T08:25:48&amp;apos;
System info: host: &amp;apos;ATIQUE-CA&amp;apos;, ip: &amp;apos;192.168.2.53&amp;apos;, os.name: &amp;apos;Windows 10&amp;apos;, os.arch: &amp;apos;amd64&amp;apos;, os.version: &amp;apos;10.0&amp;apos;, java.version: &amp;apos;11.0.9&amp;apos;
Driver info: org.openqa.selenium.chrome.ChromeDriver
Capabilities {acceptInsecureCerts: false, browserName: chrome, browserVersion: 87.0.4280.88, chrome: {chromedriverVersion: 87.0.4280.88 (89e2380a3e36c..., userDataDir: C:\Users\myPC\AppData\Local...}, goog:chromeOptions: {debuggerAddress: localhost:55441}, javascriptEnabled: true, networkConnectionEnabled: false, pageLoadStrategy: normal, platform: WINDOWS, platformName: WINDOWS, proxy: Proxy(), setWindowRect: true, strictFileInteractability: false, timeouts: {implicit: 0, pageLoad: 300000, script: 30000}, unhandledPromptBehavior: dismiss and notify, webauthn:virtualAuthenticators: true}
Session ID: 90285e12af2c0f6d412d417830d4094b">
      <![CDATA[org.openqa.selenium.ElementClickInterceptedException: element click intercepted: Element <svg id="menuUser" version="1.1" xmlns="http://www.w3.org/2000/svg" xmlns:xlink="http://www.w3.org/1999/xlink" x="0px" y="0px" width="24px" height="24px" viewBox="0 0 24 24" enable-background="new 0 0 24 24" xml:space="preserve">...</svg> is not clickable at point (1392, 32). Other element would receive the click: <a id="menuUserLink" aria-label="UserMenu" href="javascript:void(0)" role="link" class="img" data-ng-click="login('loginMiniTitle')" data-ng-mouseenter="miniTitleIn('loginMiniTitle')" data-ng-mouseleave="miniTitleOut('loginMiniTitle')">...</a>
  (Session info: chrome=87.0.4280.88)
Build info: version: '3.141.59', revision: 'e82be7d358', time: '2018-11-14T08:25:48'
System info: host: 'ATIQUE-CA', ip: '192.168.2.53', os.name: 'Windows 10', os.arch: 'amd64', os.version: '10.0', java.version: '11.0.9'
Driver info: org.openqa.selenium.chrome.ChromeDriver
Capabilities {acceptInsecureCerts: false, browserName: chrome, browserVersion: 87.0.4280.88, chrome: {chromedriverVersion: 87.0.4280.88 (89e2380a3e36c..., userDataDir: C:\Users\myPC\AppData\Local...}, goog:chromeOptions: {debuggerAddress: localhost:55441}, javascriptEnabled: true, networkConnectionEnabled: false, pageLoadStrategy: normal, platform: WINDOWS, platformName: WINDOWS, proxy: Proxy(), setWindowRect: true, strictFileInteractability: false, timeouts: {implicit: 0, pageLoad: 300000, script: 30000}, unhandledPromptBehavior: dismiss and notify, webauthn:virtualAuthenticators: true}
Session ID: 90285e12af2c0f6d412d417830d4094b
at org.openqa.selenium.remote.http.W3CHttpResponseCodec.createException(W3CHttpResponseCodec.java:187)
at org.openqa.selenium.remote.http.W3CHttpResponseCodec.decode(W3CHttpResponseCodec.java:122)
at org.openqa.selenium.remote.http.W3CHttpResponseCodec.decode(W3CHttpResponseCodec.java:49)
at org.openqa.selenium.remote.HttpCommandExecutor.execute(HttpCommandExecutor.java:158)
at org.openqa.selenium.remote.service.DriverCommandExecutor.execute(DriverCommandExecutor.java:83)
at org.openqa.selenium.remote.RemoteWebDriver.execute(RemoteWebDriver.java:552)
at org.openqa.selenium.remote.RemoteWebElement.execute(RemoteWebElement.java:285)
at org.openqa.selenium.remote.RemoteWebElement.click(RemoteWebElement.java:84)
at testcases.SearchOptionValidation.loginValidation(SearchOptionValidation.java:31)
at java.base/java.util.ArrayList.forEach(ArrayList.java:1541)
... Removed 31 stack frames]]>
    </failure>
  </testcase> <!-- loginValidation -->
  <testcase classname="testcases.T01_Login_Validation" name="loginValidation" time="16.853"/>
  <testcase classname="testcases.HeadPhPurcahse" name="loginValidation" time="25.993"/>
  <testcase classname="testcases.ResSpRunDriver" name="userlogin" time="61.559"/>
  <testcase classname="testcases.HpTabx2Purchase" name="loginValidation" time="25.904"/>
  <testcase classname="testcases.MicePurchase" name="loginValidation" time="26.055"/>
  <testcase classname="testcases.RedSpObjKeywords" name="UserApplication" time="2.224"/>
  <testcase classname="testcases.T01_HP_Validation" name="homeValidation" time="2.237"/>
</testsuite> <!-- Test -->
